<?xml version="1.0" encoding="UTF-8"?>
<coverage generated="1607890363119" clover="3.2.0">
  <project timestamp="1607890363119" name="All files">
    <metrics statements="63" coveredstatements="19" conditionals="0" coveredconditionals="0" methods="39" coveredmethods="12" elements="102" coveredelements="31" complexity="0" loc="63" ncloc="63" packages="1" files="8" classes="8"/>
    <file name="AddPost.vue" path="C:\Users\Hanna\Documents\GitHub\VeebirakendusteKodu\Kodu4\wad20-homework4\frontend\src\components\AddPost.vue">
      <metrics statements="7" coveredstatements="2" conditionals="0" coveredconditionals="0" methods="4" coveredmethods="1"/>
      <line num="29" count="1" type="stmt"/>
      <line num="34" count="1" type="stmt"/>
      <line num="47" count="0" type="stmt"/>
      <line num="49" count="0" type="stmt"/>
      <line num="50" count="0" type="stmt"/>
      <line num="54" count="0" type="stmt"/>
      <line num="61" count="0" type="stmt"/>
    </file>
    <file name="FollowButton.vue" path="C:\Users\Hanna\Documents\GitHub\VeebirakendusteKodu\Kodu4\wad20-homework4\frontend\src\components\FollowButton.vue">
      <metrics statements="5" coveredstatements="0" conditionals="0" coveredconditionals="0" methods="4" coveredmethods="0"/>
      <line num="9" count="0" type="stmt"/>
      <line num="17" count="0" type="stmt"/>
      <line num="19" count="0" type="stmt"/>
      <line num="23" count="0" type="stmt"/>
      <line num="25" count="0" type="stmt"/>
    </file>
    <file name="Header.vue" path="C:\Users\Hanna\Documents\GitHub\VeebirakendusteKodu\Kodu4\wad20-homework4\frontend\src\components\Header.vue">
      <metrics statements="8" coveredstatements="5" conditionals="0" coveredconditionals="0" methods="7" coveredmethods="5"/>
      <line num="37" count="2" type="stmt"/>
      <line num="53" count="2" type="stmt"/>
      <line num="55" count="6" type="stmt"/>
      <line num="58" count="2" type="stmt"/>
      <line num="63" count="0" type="stmt"/>
      <line num="66" count="0" type="stmt"/>
      <line num="67" count="0" type="stmt"/>
      <line num="72" count="2" type="stmt"/>
    </file>
    <file name="LikeButton.vue" path="C:\Users\Hanna\Documents\GitHub\VeebirakendusteKodu\Kodu4\wad20-homework4\frontend\src\components\LikeButton.vue">
      <metrics statements="7" coveredstatements="1" conditionals="0" coveredconditionals="0" methods="4" coveredmethods="0"/>
      <line num="9" count="1" type="stmt"/>
      <line num="17" count="0" type="stmt"/>
      <line num="19" count="0" type="stmt"/>
      <line num="20" count="0" type="stmt"/>
      <line num="24" count="0" type="stmt"/>
      <line num="26" count="0" type="stmt"/>
      <line num="27" count="0" type="stmt"/>
    </file>
    <file name="Login.vue" path="C:\Users\Hanna\Documents\GitHub\VeebirakendusteKodu\Kodu4\wad20-homework4\frontend\src\components\Login.vue">
      <metrics statements="8" coveredstatements="0" conditionals="0" coveredconditionals="0" methods="4" coveredmethods="0"/>
      <line num="35" count="0" type="stmt"/>
      <line num="40" count="0" type="stmt"/>
      <line num="48" count="0" type="stmt"/>
      <line num="53" count="0" type="stmt"/>
      <line num="55" count="0" type="stmt"/>
      <line num="57" count="0" type="stmt"/>
      <line num="58" count="0" type="stmt"/>
      <line num="61" count="0" type="stmt"/>
    </file>
    <file name="Posts.vue" path="C:\Users\Hanna\Documents\GitHub\VeebirakendusteKodu\Kodu4\wad20-homework4\frontend\src\components\Posts.vue">
      <metrics statements="12" coveredstatements="11" conditionals="0" coveredconditionals="0" methods="7" coveredmethods="6"/>
      <line num="37" count="1" type="stmt"/>
      <line num="38" count="1" type="stmt"/>
      <line num="39" count="1" type="stmt"/>
      <line num="40" count="1" type="stmt"/>
      <line num="41" count="1" type="stmt"/>
      <line num="52" count="1" type="stmt"/>
      <line num="54" count="1" type="stmt"/>
      <line num="57" count="0" type="stmt"/>
      <line num="62" count="1" type="stmt"/>
      <line num="67" count="1" type="stmt"/>
      <line num="71" count="3" type="stmt"/>
      <line num="74" count="6" type="stmt"/>
    </file>
    <file name="Profiles.vue" path="C:\Users\Hanna\Documents\GitHub\VeebirakendusteKodu\Kodu4\wad20-homework4\frontend\src\components\Profiles.vue">
      <metrics statements="8" coveredstatements="0" conditionals="0" coveredconditionals="0" methods="5" coveredmethods="0"/>
      <line num="15" count="0" type="stmt"/>
      <line num="16" count="0" type="stmt"/>
      <line num="17" count="0" type="stmt"/>
      <line num="26" count="0" type="stmt"/>
      <line num="31" count="0" type="stmt"/>
      <line num="33" count="0" type="stmt"/>
      <line num="36" count="0" type="stmt"/>
      <line num="41" count="0" type="stmt"/>
    </file>
    <file name="SignUp.vue" path="C:\Users\Hanna\Documents\GitHub\VeebirakendusteKodu\Kodu4\wad20-homework4\frontend\src\components\SignUp.vue">
      <metrics statements="8" coveredstatements="0" conditionals="0" coveredconditionals="0" methods="4" coveredmethods="0"/>
      <line num="45" count="0" type="stmt"/>
      <line num="50" count="0" type="stmt"/>
      <line num="62" count="0" type="stmt"/>
      <line num="70" count="0" type="stmt"/>
      <line num="71" count="0" type="stmt"/>
      <line num="73" count="0" type="stmt"/>
      <line num="75" count="0" type="stmt"/>
      <line num="78" count="0" type="stmt"/>
    </file>
  </project>
</coverage>
