TN:
SF:src\components\AddPost.vue
FN:33,(anonymous_1)
FN:46,(anonymous_2)
FN:47,(anonymous_3)
FN:53,(anonymous_4)
FNF:4
FNH:1
FNDA:1,(anonymous_1)
FNDA:0,(anonymous_2)
FNDA:0,(anonymous_3)
FNDA:0,(anonymous_4)
DA:29,1
DA:34,1
DA:47,0
DA:49,0
DA:50,0
DA:54,0
DA:61,0
LF:7
LH:2
BRF:0
BRH:0
end_of_record
TN:
SF:src\components\FollowButton.vue
FN:16,(anonymous_1)
FN:17,(anonymous_2)
FN:22,(anonymous_3)
FN:23,(anonymous_4)
FNF:4
FNH:0
FNDA:0,(anonymous_1)
FNDA:0,(anonymous_2)
FNDA:0,(anonymous_3)
FNDA:0,(anonymous_4)
DA:9,0
DA:17,0
DA:19,0
DA:23,0
DA:25,0
LF:5
LH:0
BRF:0
BRH:0
end_of_record
TN:
SF:src\components\Header.vue
FN:36,(anonymous_1)
FN:52,(anonymous_2)
FN:55,(anonymous_3)
FN:57,(anonymous_4)
FN:62,(anonymous_5)
FN:65,(anonymous_6)
FN:71,(anonymous_7)
FNF:7
FNH:5
FNDA:2,(anonymous_1)
FNDA:2,(anonymous_2)
FNDA:4,(anonymous_3)
FNDA:2,(anonymous_4)
FNDA:0,(anonymous_5)
FNDA:0,(anonymous_6)
FNDA:2,(anonymous_7)
DA:37,2
DA:53,2
DA:55,6
DA:58,2
DA:63,0
DA:66,0
DA:67,0
DA:72,2
LF:8
LH:5
BRF:0
BRH:0
end_of_record
TN:
SF:src\components\LikeButton.vue
FN:16,(anonymous_1)
FN:17,(anonymous_2)
FN:23,(anonymous_3)
FN:24,(anonymous_4)
FNF:4
FNH:0
FNDA:0,(anonymous_1)
FNDA:0,(anonymous_2)
FNDA:0,(anonymous_3)
FNDA:0,(anonymous_4)
DA:9,1
DA:17,0
DA:19,0
DA:20,0
DA:24,0
DA:26,0
DA:27,0
LF:7
LH:1
BRF:0
BRH:0
end_of_record
TN:
SF:src\components\Login.vue
FN:39,(anonymous_1)
FN:47,(anonymous_2)
FN:55,(anonymous_3)
FN:59,(anonymous_4)
FNF:4
FNH:0
FNDA:0,(anonymous_1)
FNDA:0,(anonymous_2)
FNDA:0,(anonymous_3)
FNDA:0,(anonymous_4)
DA:35,0
DA:40,0
DA:48,0
DA:53,0
DA:55,0
DA:57,0
DA:58,0
DA:61,0
LF:8
LH:0
BRF:0
BRH:0
end_of_record
TN:
SF:src\components\Posts.vue
FN:51,(anonymous_1)
FN:52,(anonymous_2)
FN:55,(anonymous_3)
FN:61,(anonymous_4)
FN:66,(anonymous_5)
FN:70,(anonymous_6)
FN:73,(anonymous_7)
FNF:7
FNH:6
FNDA:1,(anonymous_1)
FNDA:1,(anonymous_2)
FNDA:0,(anonymous_3)
FNDA:1,(anonymous_4)
FNDA:1,(anonymous_5)
FNDA:3,(anonymous_6)
FNDA:6,(anonymous_7)
DA:37,1
DA:38,1
DA:39,1
DA:40,1
DA:41,1
DA:52,1
DA:54,1
DA:57,0
DA:62,1
DA:67,1
DA:71,3
DA:74,6
LF:12
LH:11
BRF:0
BRH:0
end_of_record
TN:
SF:src\components\Profiles.vue
FN:25,(anonymous_1)
FN:30,(anonymous_2)
FN:31,(anonymous_3)
FN:34,(anonymous_4)
FN:40,(anonymous_5)
FNF:5
FNH:0
FNDA:0,(anonymous_1)
FNDA:0,(anonymous_2)
FNDA:0,(anonymous_3)
FNDA:0,(anonymous_4)
FNDA:0,(anonymous_5)
DA:15,0
DA:16,0
DA:17,0
DA:26,0
DA:31,0
DA:33,0
DA:36,0
DA:41,0
LF:8
LH:0
BRF:0
BRH:0
end_of_record
TN:
SF:src\components\SignUp.vue
FN:49,(anonymous_1)
FN:61,(anonymous_2)
FN:73,(anonymous_3)
FN:76,(anonymous_4)
FNF:4
FNH:0
FNDA:0,(anonymous_1)
FNDA:0,(anonymous_2)
FNDA:0,(anonymous_3)
FNDA:0,(anonymous_4)
DA:45,0
DA:50,0
DA:62,0
DA:70,0
DA:71,0
DA:73,0
DA:75,0
DA:78,0
LF:8
LH:0
BRF:0
BRH:0
end_of_record
